{
  "stats": {
    "suites": 1,
    "tests": 7,
    "passes": 7,
    "pending": 0,
    "failures": 0,
    "start": "2020-10-30T11:54:21.292Z",
    "end": "2020-10-30T11:54:29.540Z",
    "duration": 8248,
    "testsRegistered": 7,
    "passPercent": 100,
    "pendingPercent": 0,
    "other": 0,
    "hasOther": false,
    "skipped": 0,
    "hasSkipped": false
  },
  "results": [
    {
      "uuid": "83da3595-ebfc-44ed-b405-07b34c8d4a94",
      "title": "",
      "fullFile": "cypress/integration/test-suite.spec.js",
      "file": "cypress/integration/test-suite.spec.js",
      "beforeHooks": [],
      "afterHooks": [],
      "tests": [],
      "suites": [
        {
          "uuid": "06a88339-a964-4544-a67a-3874725a0b73",
          "title": "regression test suite",
          "fullFile": "",
          "file": "",
          "beforeHooks": [],
          "afterHooks": [],
          "tests": [
            {
              "title": "perform valid login",
              "fullTitle": "regression test suite perform valid login",
              "timedOut": null,
              "duration": 1428,
              "state": "passed",
              "speed": "slow",
              "pass": true,
              "fail": false,
              "pending": false,
              "context": null,
              "code": "cy.visit('http://localhost:3000');\ncy.title().should('include', 'Hotel');\ncy.contains('Login');\ncy.get(':nth-child(1) > input').type('tester01');\ncy.get(':nth-child(2) > input').type('GteteqbQQgSr88SwNExUQv2ydb7xuf8c');\ncy.get('.btn').click(); // cy.contains('Tester Hotel Overview')\n//cy.get('.user > .btn').click()\n//cy.contains('Login')",
              "err": {},
              "uuid": "9bd94ae4-b020-4482-9fa0-556327f6712f",
              "parentUUID": "06a88339-a964-4544-a67a-3874725a0b73",
              "isHook": false,
              "skipped": false
            },
            {
              "title": "perform room overview",
              "fullTitle": "regression test suite perform room overview",
              "timedOut": null,
              "duration": 724,
              "state": "passed",
              "speed": "slow",
              "pass": true,
              "fail": false,
              "pending": false,
              "context": null,
              "code": "// cy.visit('http://localhost:3000')\n//cy.contains('Login')\n//cy.get(':nth-child(1) > input').type('tester01')\n//cy.get(':nth-child(2) > input').type('GteteqbQQgSr88SwNExUQv2ydb7xuf8c')\n//cy.get('.btn').click()\ncy.contains('Tester Hotel Overview');\ncy.contains('Rooms');\ncy.get(':nth-child(1) > .btn').contains('View').click();\ncy.get('a.btn:nth-child(1)').contains('Back').click();\ncy.contains('Tester Hotel Overview');",
              "err": {},
              "uuid": "37d57b46-55a9-4575-b7ea-bec247d0454b",
              "parentUUID": "06a88339-a964-4544-a67a-3874725a0b73",
              "isHook": false,
              "skipped": false
            },
            {
              "title": "perform clients overview",
              "fullTitle": "regression test suite perform clients overview",
              "timedOut": null,
              "duration": 230,
              "state": "passed",
              "speed": "slow",
              "pass": true,
              "fail": false,
              "pending": false,
              "context": null,
              "code": "//cy.visit('http://localhost:3000')\n//cy.get(':nth-child(1) > input').type('tester01')\n//cy.get(':nth-child(2) > input').type('GteteqbQQgSr88SwNExUQv2ydb7xuf8c')\n//cy.get('.btn').click()\ncy.contains('Clients');\ncy.get(':nth-child(2) > .btn').contains('View').click();\ncy.get('a.btn:nth-child(1)').contains('Back').click();\ncy.contains('Tester Hotel Overview');",
              "err": {},
              "uuid": "db4b8911-2edf-48d0-b525-b03d3822dea2",
              "parentUUID": "06a88339-a964-4544-a67a-3874725a0b73",
              "isHook": false,
              "skipped": false
            },
            {
              "title": "perform Bills overview",
              "fullTitle": "regression test suite perform Bills overview",
              "timedOut": null,
              "duration": 223,
              "state": "passed",
              "speed": "slow",
              "pass": true,
              "fail": false,
              "pending": false,
              "context": null,
              "code": "cy.contains('Bills');\ncy.get(':nth-child(3) > .btn').contains('View').click();\ncy.get('a.btn:nth-child(1)').contains('Back').click();\ncy.contains('Tester Hotel Overview');",
              "err": {},
              "uuid": "5b86120b-260d-444d-8507-ca43db05efa5",
              "parentUUID": "06a88339-a964-4544-a67a-3874725a0b73",
              "isHook": false,
              "skipped": false
            },
            {
              "title": "perform Reservation overview",
              "fullTitle": "regression test suite perform Reservation overview",
              "timedOut": null,
              "duration": 251,
              "state": "passed",
              "speed": "slow",
              "pass": true,
              "fail": false,
              "pending": false,
              "context": null,
              "code": "cy.contains('Reservation');\ncy.get(':nth-child(4) > .btn').contains('View').click();\ncy.get('a.btn:nth-child(1)').contains('Back').click();\ncy.contains('Tester Hotel Overview');",
              "err": {},
              "uuid": "4f955466-97e0-4615-9941-7edb0d01a1ff",
              "parentUUID": "06a88339-a964-4544-a67a-3874725a0b73",
              "isHook": false,
              "skipped": false
            },
            {
              "title": "create a new room",
              "fullTitle": "regression test suite create a new room",
              "timedOut": null,
              "duration": 1514,
              "state": "passed",
              "speed": "slow",
              "pass": true,
              "fail": false,
              "pending": false,
              "context": null,
              "code": "cy.get(':nth-child(1) > .btn').click();\ncy.get('a.btn:nth-child(2)').click();\ncy.get('div.field:nth-child(1) > select:nth-child(2)').select('Double');\nvar roomNumber = _faker[\"default\"].random.number(1000);\ncy.get('div.field:nth-child(2) > input:nth-child(2)').type(roomNumber);\ncy.get('div.field:nth-child(3) > input:nth-child(2)').type(_faker[\"default\"].random.number(4));\ncy.get('.checkbox').click();\ncy.get('div.field:nth-child(5) > input:nth-child(2)').type(_faker[\"default\"].random.number({\n  min: 25,\n  max: 50\n}));\ncy.get('div.field:nth-child(6) > select:nth-child(2)').select('Balcony');\ncy.get('a.btn:nth-child(2)').click();\ncy.contains(roomNumber);",
              "err": {},
              "uuid": "4e0d804d-37cd-4de7-bb9b-4c17bcb107af",
              "parentUUID": "06a88339-a964-4544-a67a-3874725a0b73",
              "isHook": false,
              "skipped": false
            },
            {
              "title": "perform valid logout",
              "fullTitle": "regression test suite perform valid logout",
              "timedOut": null,
              "duration": 105,
              "state": "passed",
              "speed": "slow",
              "pass": true,
              "fail": false,
              "pending": false,
              "context": null,
              "code": "cy.get('.user > .btn').contains('Logout').click();\ncy.contains('Login');",
              "err": {},
              "uuid": "227afaa1-7db5-4726-bfef-044e134243f0",
              "parentUUID": "06a88339-a964-4544-a67a-3874725a0b73",
              "isHook": false,
              "skipped": false
            }
          ],
          "suites": [],
          "passes": [
            "9bd94ae4-b020-4482-9fa0-556327f6712f",
            "37d57b46-55a9-4575-b7ea-bec247d0454b",
            "db4b8911-2edf-48d0-b525-b03d3822dea2",
            "5b86120b-260d-444d-8507-ca43db05efa5",
            "4f955466-97e0-4615-9941-7edb0d01a1ff",
            "4e0d804d-37cd-4de7-bb9b-4c17bcb107af",
            "227afaa1-7db5-4726-bfef-044e134243f0"
          ],
          "failures": [],
          "pending": [],
          "skipped": [],
          "duration": 4475,
          "root": false,
          "rootEmpty": false,
          "_timeout": 2000
        }
      ],
      "passes": [],
      "failures": [],
      "pending": [],
      "skipped": [],
      "duration": 0,
      "root": true,
      "rootEmpty": true,
      "_timeout": 2000
    }
  ],
  "meta": {
    "mocha": {
      "version": "7.0.1"
    },
    "mochawesome": {
      "options": {
        "quiet": false,
        "reportFilename": "mochawesome",
        "saveHtml": true,
        "saveJson": true,
        "consoleReporter": "spec",
        "useInlineDiffs": false,
        "code": true
      },
      "version": "6.1.1"
    },
    "marge": {
      "options": null,
      "version": "5.1.0"
    }
  }
}